<?xml version="1.0" encoding="UTF-8"?>
<!-- Generated by org.testng.reporters.JUnitXMLReporter -->
<testsuite ignored="0" hostname="IRIS-CSG-5081" failures="0" tests="4" name="Default test" time="7.949" errors="0" timestamp="2024-09-27T16:47:30 IST">
  <testcase classname="requests.HTTPRequests" name="getUser" time="5.176"/>
  <testcase classname="requests.HTTPRequests" name="createUser" time="1.329"/>
  <testcase classname="requests.HTTPRequests" name="updateUser" time="0.649"/>
  <testcase classname="requests.HTTPRequests" name="deleteUser" time="0.659"/>
</testsuite> <!-- Default test -->
