<?xml version="1.0" encoding="UTF-8"?>
<testng-results skipped="0" failed="0" ignored="0" total="2" passed="2">
  <reporter-output>
  </reporter-output>
  <suite name="Default suite" duration-ms="4516" started-at="2023-07-10T15:12:49Z" finished-at="2023-07-10T15:12:53Z">
    <groups>
    </groups>
    <test name="Default test" duration-ms="4516" started-at="2023-07-10T15:12:49Z" finished-at="2023-07-10T15:12:53Z">
      <class name="restAssuredTest.Get_Demo">
        <test-method status="PASS" signature="getDetails()[pri:0, instance:restAssuredTest.Get_Demo@224edc67]" name="getDetails" duration-ms="3700" started-at="2023-07-10T20:42:49Z" finished-at="2023-07-10T20:42:52Z">
          <reporter-output>
          </reporter-output>
        </test-method> <!-- getDetails -->
        <test-method status="PASS" signature="getListOfUser()[pri:0, instance:restAssuredTest.Get_Demo@224edc67]" name="getListOfUser" duration-ms="798" started-at="2023-07-10T20:42:52Z" finished-at="2023-07-10T20:42:53Z">
          <reporter-output>
          </reporter-output>
        </test-method> <!-- getListOfUser -->
      </class> <!-- restAssuredTest.Get_Demo -->
    </test> <!-- Default test -->
  </suite> <!-- Default suite -->
</testng-results>
