<?xml version="1.0" encoding="UTF-8"?>
<testng-results ignored="0" total="4" passed="4" failed="0" skipped="0">
  <reporter-output>
  </reporter-output>
  <suite started-at="2024-09-27T16:47:22 IST" name="Default suite" finished-at="2024-09-27T16:47:30 IST" duration-ms="7949">
    <groups>
    </groups>
    <test started-at="2024-09-27T16:47:22 IST" name="Default test" finished-at="2024-09-27T16:47:30 IST" duration-ms="7949">
      <class name="requests.HTTPRequests">
        <test-method signature="getUser()[pri:1, instance:requests.HTTPRequests@6c1a5b54]" started-at="2024-09-27T16:47:22 IST" name="getUser" finished-at="2024-09-27T16:47:27 IST" duration-ms="5176" status="PASS">
          <reporter-output>
          </reporter-output>
        </test-method> <!-- getUser -->
        <test-method signature="createUser()[pri:2, instance:requests.HTTPRequests@6c1a5b54]" started-at="2024-09-27T16:47:27 IST" name="createUser" finished-at="2024-09-27T16:47:29 IST" duration-ms="1329" status="PASS">
          <reporter-output>
          </reporter-output>
        </test-method> <!-- createUser -->
        <test-method signature="updateUser()[pri:3, instance:requests.HTTPRequests@6c1a5b54]" started-at="2024-09-27T16:47:29 IST" name="updateUser" finished-at="2024-09-27T16:47:29 IST" depends-on-methods="requests.HTTPRequests.createUser" duration-ms="649" status="PASS">
          <reporter-output>
          </reporter-output>
        </test-method> <!-- updateUser -->
        <test-method signature="deleteUser()[pri:4, instance:requests.HTTPRequests@6c1a5b54]" started-at="2024-09-27T16:47:29 IST" name="deleteUser" finished-at="2024-09-27T16:47:30 IST" duration-ms="659" status="PASS">
          <reporter-output>
          </reporter-output>
        </test-method> <!-- deleteUser -->
      </class> <!-- requests.HTTPRequests -->
    </test> <!-- Default test -->
  </suite> <!-- Default suite -->
</testng-results>
